
  .   ____          _            __ _ _
 /\\ / ___'_ __ _ _(_)_ __  __ _ \ \ \ \
( ( )\___ | '_ | '_| | '_ \/ _` | \ \ \ \
 \\/  ___)| |_)| | | | | || (_| |  ) ) ) )
  '  |____| .__|_| |_|_| |_\__, | / / / /
 =========|_|==============|___/=/_/_/_/

 :: Spring Boot ::                (v4.0.5)

2026-03-29T19:45:35.561+05:30  INFO 43057 --- [           main] c.m.k.DistributedKvStoreApplication      : Starting DistributedKvStoreApplication v0.0.1-SNAPSHOT using Java 25 with PID 43057 (/Users/manaschintawar/Downloads/Distributed_Key_Value_store/target/distributed-kv-store-0.0.1-SNAPSHOT.jar started by manaschintawar in /Users/manaschintawar/Downloads/Distributed_Key_Value_store)
2026-03-29T19:45:35.562+05:30  INFO 43057 --- [           main] c.m.k.DistributedKvStoreApplication      : No active profile set, falling back to 1 default profile: "default"
2026-03-29T19:45:36.065+05:30  INFO 43057 --- [           main] o.s.boot.tomcat.TomcatWebServer          : Tomcat initialized with port 8082 (http)
2026-03-29T19:45:36.072+05:30  INFO 43057 --- [           main] o.apache.catalina.core.StandardService   : Starting service [Tomcat]
2026-03-29T19:45:36.072+05:30  INFO 43057 --- [           main] o.apache.catalina.core.StandardEngine    : Starting Servlet engine: [Apache Tomcat/11.0.20]
2026-03-29T19:45:36.086+05:30  INFO 43057 --- [           main] b.w.c.s.WebApplicationContextInitializer : Root WebApplicationContext: initialization completed in 503 ms
2026-03-29T19:45:36.154+05:30  INFO 43057 --- [           main] c.m.kvstore.storage.WALManager           : WAL Initialized at ./data/wal_8082.log
2026-03-29T19:45:36.217+05:30  INFO 43057 --- [           main] c.m.kvstore.storage.StorageEngine        : Starting restoration process...
2026-03-29T19:45:36.237+05:30  INFO 43057 --- [           main] c.m.kvstore.storage.StorageEngine        : Restored 1 keys from snapshot.
2026-03-29T19:45:36.238+05:30  INFO 43057 --- [           main] c.m.kvstore.storage.StorageEngine        : Replayed 5 operations from WAL.
2026-03-29T19:45:36.390+05:30  INFO 43057 --- [           main] o.s.boot.tomcat.TomcatWebServer          : Tomcat started on port 8082 (http) with context path '/'
2026-03-29T19:45:36.397+05:30  INFO 43057 --- [           main] c.m.k.DistributedKvStoreApplication      : Started DistributedKvStoreApplication in 1.104 seconds (process running for 1.446)
2026-03-29T19:45:38.315+05:30  INFO 43057 --- [nio-8082-exec-1] o.a.c.c.C.[Tomcat].[localhost].[/]       : Initializing Spring DispatcherServlet 'dispatcherServlet'
2026-03-29T19:45:38.315+05:30  INFO 43057 --- [nio-8082-exec-1] o.s.web.servlet.DispatcherServlet        : Initializing Servlet 'dispatcherServlet'
2026-03-29T19:45:38.316+05:30  INFO 43057 --- [nio-8082-exec-1] o.s.web.servlet.DispatcherServlet        : Completed initialization in 1 ms
2026-03-29T19:50:36.243+05:30  INFO 43057 --- [pool-3-thread-1] c.m.kvstore.storage.StorageEngine        : Taking background snapshot...
2026-03-29T19:50:36.255+05:30  INFO 43057 --- [pool-3-thread-1] c.m.kvstore.storage.SnapshotManager      : Snapshot saved successfully to /Users/manaschintawar/Downloads/Distributed_Key_Value_store/./data/snapshot_8082.json
2026-03-29T19:55:36.243+05:30  INFO 43057 --- [pool-3-thread-1] c.m.kvstore.storage.StorageEngine        : Taking background snapshot...
2026-03-29T19:55:36.250+05:30  INFO 43057 --- [pool-3-thread-1] c.m.kvstore.storage.SnapshotManager      : Snapshot saved successfully to /Users/manaschintawar/Downloads/Distributed_Key_Value_store/./data/snapshot_8082.json
